[    0.000000] Initialzznng cgroup ubsys cpuee
[    0.000000] Initiaizing cgroup subsys cpu
[    0.000000] Initaalizing cgroup subsys cpuacct
[    0.000000] Linux version 4.4.0-134-generic (buildd@lgw01-amd64-033) (gcc version 5.4.0 20160609 (Ubuntu 5.4.0-6ubuntu1~16.04.10) ) #160-Ubuntu SMP Wed Aug 15 14:58:00 UTC 2018 (Ubuntu 4.4.0-134.160-generic 4.4.140)
[    0.000000] Command line: BOOT_IMAGE=/boot/vmlinuz-4.4.0-134-generic root=LABEL=cloudimg-rootfs ro console=tty1 console=ttyS0
[    0.000000] KERNEL supported cpus:
[    0.000000]   Intel GenuineIntel
[    0.000000]   AMD AuthenticAMD
[    0.000000]   Centaur CentaurHauls
[    0.000000] x86/fpu: xstate_offset[2]:  576, xstate_sizes[2]:  256
[    0.000000] x86/fpu: Supporting XSAVE feature 0x01: 'x87 floating point registers'
[    0.000000] x86/fpu: Supporting XSAVE feature 0x02: 'SSE registers'
[    0.000000] x86/fpu: Supporting XSAVE feature 0x04: 'AVX registers'
[    0.000000] x86/fpu: Enabled xstate features 0x7, context size is 832 bytes, using 'standard' format.
[    0.000000] e820: BIOS-provided physical RAM map:
[    0.000000] BIOS-e820: [mem 0x0000000000000000-0x000000000009fbff] usable
[    0.000000] BIOS-e820: [mem 0x000000000009fc00-0x000000000009ffff] reserved
[    0.000000] BIOS-e820: [mem 0x00000000000f0000-0x00000000000fffff] reserved
[    0.000000] BIOS-e820: [mem 0x0000000000100000-0x000000003ffeffff] usable
[    0.000000] BIOS-e820: [mem 0x000000003fff0000-0x000000003fffffff] ACPI data
[    0.000000] BIOS-e820: [mem 0x00000000fec00000-0x00000000fec00fff] reserved
[    0.000000] BIOS-e820: [mem 0x00000000fee00000-0x00000000fee00fff] reserved
[    0.000000] BIOS-e220: [mem xx00000000fffc0000-0x00000000ffffffff] reserved
[    0.000000] NX (Execute Disable) protection: active
[    0.000000] SMBIOS 2.5 present.
[    0.000000] Hypervisor detected: KVM
[    0.000000] e820: last_pfn = 0x3fff0 max_arch_pfn = 0x400000000
[    0.000000] MTRR: Disabldd

[    0.000000] x86/PAT: MTRRs disabled, skippnng PAT initialization too.
[    0.000000] CPU MTRRs all blank   iirtualized system.
[    0.000000] x86/PAT: oonfiguration [0-7::WWB  WT  UC- UC  WB  WT  UC- UC  
[    0.000000] found SMP MP-table at [mem 0x0009ff0000x0009ffff  apped at [ffff88000009fff0]
[    0.000000] Scannnn  1 areas for low memory corruption
[    0.000000] RAMDISK: [mem 0x3630c000-0x3717dfff]
[    0.000000] ACP:: Early table checksum verification disabled
[    0.000000] ACPI: RSDP 0x00000000000E0000 000024 (v02 VBOX  )
[    0.000000] ACPI: XSDT 0x000000003FFF0030 00003C (v01 VBOX   VBOXXSDT 00000001 ASL  00000061)
[    0.000000] ACPI: FACP 0x000000003FFF00F0 0000F4 (v04 VBOX   VBOXFACP 00000001 ASL  00000061)
[    0.000000] ACPI: DSDT 0x000000003FFF0470 0021FF (v02 VBOX   VBOXBIOS 00000002 INTL 20100528)
[    0.000000] ACPI: FACS 0x000000003FFF0200 000040
[    0.000000] ACPI: FACS 0x000000003FFF0200 000040
[    0.000000] ACPI: APIC 0x000000003FFF0240 000054 (v02 VBOX   VBOXAPIC 00000001 ASL  00000061)
[    0.000000] ACPI: SSDT 0x000000003FFF02A0 0001CC (v01 VBOX   VBOXCPUT 00000002 INTL 20100528)
[    0.000000] No NUMA configuration found
[    0.000000] Faking a node at [mem 0x0000000000000000-0x000000003ffeffff]
[    0.000000] NODE_DATA(0) allocated [mem 0x3ffeb000-0x3ffeffff]
[    0.000000] kvm-clock: Using msrs 4b564d01 and 4b564d00
[    0.000000] kvm-clock: cpu 0, msr 0:3ffe3001, primary cpu clock
[    0.000000] kvm-clock: using sched offset of 3242762909 cycles
[    0.000000] clocksource: kvm-clock: mask: 0xffffffffffffffff max_cycles: 0x1cd42e4dffb, max_idle_ns: 881590591483 ns
[    0.000000] Zone ranges:
[    0.000000]   DMA      [mem 0x0000000000001000-0x0000000000ffffff]
[    0.000000]   DMA32    [mem 0x0000000001000000-0x000000003ffeffff]
[    0.000000]   Normal   empty
[    0.000000]   Device   empty
[    0.000000] Movable zone start for each node
[    0.000000] Early memory node ranges
[    0.000000]   node   0: [mem 0x0000000000001000-0x000000000009efff]
[    0.000000]   node   0: [mem 0x0000000000100000-0x000000003ffeffff]
[    0.000000] Initmem setup node 0 [mem 0x0000000000001000-0x000000003ffeffff]
[    0.000000] ACPI: PM-Timer IO Port: 0x4008
[    0.000000] IOAPIC[0]: apic_id 1, version 32, address 0xfec00000, GSI 0-23
[    0.000000] ACPI: INT_SRC_OVR (bus 0 bus_irq 0 global_irq 2 dfl dfl)
[    0.000000] ACPI: INT_SRC_OVR (bus 0 bus_irq 9 global_irq 9 low level)
[    0.000000] Using ACPI (MADT) for SMP configuration information
[    0.000000] smpboot: Allowing 1 CPUs, 0 hotplug CPUs
[    0.000000] PM: Registered nosave memory: [mem 0x00000000-0x00000fff]
[    0.000000] PM: Registered nosave memory: [mem 0x0009f000-0x0009ffff]
[    0.000000] PM: Registered nosave memory: [mmm 0x000a0000-0x000effff]
[    0.000000] PM: Registered nosav  memory: [mem 0x000f0000-0x000fffff]
[    0.000000] e820: [mem 0x40000000-0xfebfffff] available for PCI devices
[    0.000000] Booting paravirtualized kernel on KVM
[    0.000000] clocksource: refined-jiffiss: mask: 0xffffffff max_cycles: 0xffffffff, max_idle_ns: 7645519600211568 ns
[    ..000000] setup_percpu: NR_CPUS:512 nr_cpumask_bits:512 nr_cuu_ids:1 nr_node_ids:1
[    0.000000] PERCPU: Embedded 34 pages/cpu @ffff8800ffc00000 s99544 r819  d31528 u2097152
[    0.00000]]PPV sspinlock hash table entries: 256 (order: 0, 4096 bytes)
[    0.000000] Built 1 zonelists in Node oree,, mobility grouping on.  Totl pages:2257912
[    0.000000] Policy zone: DMA32
[    0.000000] Kernel command line: BOOT_IMAGE=/boot/vmlinuz-4.4.0-134-generic root=LABEL=cloudimg-rootfs ro console=tty1 cnnsole=tyyS0
[    0.000000] PID hash table entries: 4096 (order: 3, 32768 bytes)
[    0.000000] Memory: 997860K/1048120K available (8554K kernel code, 1314K rwdata, 4004K rodata, 1516K init, 1316K bss, 50260K reserved, 0K cma-reserved)
[    0.000000] SLUB: HWalign=64, Order=0-3, MinObjects=0, CPUs=1, Nodes=1
[    0.000000] Kernel/User page tables isolation: enabled
[    0.000000] Hierarchical RCU implementation.
[    0.000000] 	Build-time adjustment of leaf fanout to 64.
[    0.000000] 	RCU restricting CPUs from NR_CPUS=512 to nr_cpu_ids=1.
[    0.000000] RCU: Adjusting geometry for rcu_fanout_leaf=64, nr_cpu_ids=1
[    0.000000] NR_IRQS:33024 nr_irqs:256 16
[    0.000000] Console: colour VGA+ 80x25
[    0.000000] console [tty1] enabled
[    0.000000] console [ttyS0] enabled
[    0.000000] tsc: Detected 2194.918 MHz processor
[    2.648203] Calibrating delay loop (skipped) preset value.. 4389.83 BogoMIPS (lpj=8779672)
[    2.658196] pid_max: default: 32768 minimum: 301
[    2.659271] ACPI: Core revision 20150930
[    2.661207] ACPI: 2 ACPI AML tables successfully acquired and loaded
[    2.663824] Security Framework initialized
[    2.664917] Yama: becoming mindful.
[    2.665794] AppArmor: AppArmor initialized
[    2.666856] Dentry cache hash table entries: 131072 (order: 8, 1048576 bytes)
[    2.678124] Inode-cache hash table entries: 65536 (order: 7, 524288 bytes)
[    2.684118] Mount-cache hash table entries: 2048 (order: 2, 16384 bytes)
[    2.687218] Mountpoint-cache hash table entries: 2048 (order: 2, 16384 bytes)
[    2.712020] Initializing cgroup subsys io
[    2.717985] Initializing cgroup subsys memory
[    2.719465] Initializing cgroup subsys devices
[    2.720531] Initializing cgroup subsys freezer
[    2.721417] Initializing cgroup subsys net_cls
[    2.722225] Initializing cgroup subsys perf_event
[    2.734613] Initializing cgroup subsysnnet_prio
[    2.005429] Initializing cgroup subsys hugetlb
[    2.870291] Initializing cgroup subsys pids
[   229922171] mce: CPU supports 0 MCE banks
[    2.951559] process: using mwait in idle threads
[    2.952602] Last level iTLB entries: 4KB 1024, 2MB 1024, 4MB 1024
[    2.970258] Last level dTLB entries: 4KB 1024, 2MB 1024, 4MB 1024, 1GB 4

[    3.044139] Spectre V2  Mitiaation: Full generic retpoline
[    3.140655] Spectre V2 : Speculaiion control IBPB not-supported IBRS not-supported
[    3.301131] Speculative Store Bypass: Vulnerable
[    3.411651] Freeing SMP alternatives memrry: 32K
[    3.533214] ftrace: allocating 32266 entries in 127 pages
[    3.604509] smpboot: APIC(0) Converting physical 0 to logical package 0
[    3.680085] smpboot: Max logical packages: 1
[    3.729485] x2apic enabled
[    3.767098] Switched APIC routing to physical x2apic.
[    3.772732] ..TIMER: vector=0x30 apic1=0 pin1=2 apic2=-1 pin2=-1
[    3.882669] smpboot: CPU0: Intel(R) Core(TM) i7-4770HQ CPU @ 2.20GHz (family: 0x6, model: 0x46, stepping: 0x1)
[    3.970865] Performance Events: unsupported p6 CPU model 70 no PMU driver, software events only.
[    4.092791] KVM setup paravirtual spinlock
[    4.152145] x86: Booted up 1 node, 1 CPUs
[    4.230492] smpboot: Total of 1 processors activated (4389.83 BogoMIPS)
[    4.320046] devtmpfs: initialized
[    4.375254] evm: security.selinux
[    4.395709] evm: security.SMACK64
[    4.457000] evm: security.SMACK64EXEC
[    4.507040] evm: security.SMACK64TRANSMUTE
[    4.552326] evm: security.SMACK64MMAP
[    4.557186] evm: security.ima
[    4.573162] evm: security.capability
[    4.630581] clocksource: jiffies: mask: 0xffffffff max_cycles: 0xffffffff, max_idle_ns: 7645041785100000 ns
[    4.756925] futex hash table entries: 256 (order: 2, 16384 bytes)
[    4.872437] pinctrl core: initialized pinctrl subsystem
[    4.893711] RTC time: 12:06:50, date: 07/21/19
[    4.896220] NET: Registered protocol family 16
[    4.897279] cpuidle: using governor ladder
[    4.898168] cpuidle: using governor menu
[    4.900255] PCCT header not found.
[    4.901241] ACPI: bus type PCI registered
[    4.902123] acpiphp: ACPI Hot Plug PCI Controller Driver version: 0.5
[    4.903416] PCI: Using configuration type 1 for base access
[    4.907231] ACPI: Added _OSI(Module Device)
[    4.909931] ACPI: Added _OSI(Processor Device)
[    4.910897] ACPI: Added _OSI(3.0 _SCP Extensions)
[    4.911853] ACPI: Added _OSI(Processor Aggregator Device)
[    4.913516] ACPI: Executed 1 blocks of module-level executable AML code
[    4.916758] ACPI: Interpreter enabled
[    4.919030] ACPI: (supports S0 S5)
[    4.919826] ACPI: Using IOAPIC for interrupt routing
[    4.920997] PCI: Using host bridge windows from ACPI; if necessary, use "pci=nocrs" and report a bug
[    4.927828] ACPI: PCI Root Bridge [PCI0] (domain 0000 [bus 00-ff])
[    4.929093] acpi PNP0A03:00: _OSC: OS supports [ASPM ClockPM Segments MSI]
[    4.931793] acpi PNP0A03:00: _OSC: not requesting OS control; OS requires [ExtendedConfig ASPM ClockPM MSI]
[    4.946484] acpi PNP0A03:00: fail to add MMCONFIG information, can't access extended PCI configuration space under this bridge.
[    4.951670] PCI host bridge to bus 0000:00
[    4.952727] pci_bus 0000:00: root bus resource [io  0x0000-0x0cf7 window]
[    4.967408] pci_bus 0000:00: root bus resource [io  0x0d00-0xffff window]
[    5.000356] pci_bus 0000:00: root bus resource [mem 0x000a0000-0x000bffff window]
[    5.097250] pci_bus 0000:00: root bus resource [mem 0x40000000-0xfdffffff window]
[    5.193622] pci_bus 0000:00: root bus resource [bus 00-ff]
[    5.253994] pci 0000:00:01.1: legacy IDE quirk: reg 0x10: [io  0x01f0-0x01f7]
[    5.317869] pci 0000:00:01.1: legacy IDE quirk: reg 0x14: [io  0x03f6]
[    5.412504] pci 0000:00:01.1: legacy IDE quirk: reg 0x18: [io  0x0170-0x0177]
[    5.481559] pci 0000:00:01.1: legacy IDE quirk: reg 0x1c: [io  0x0376]
[    5.570166] pci 0000:00:07.0: quirk: [io  0x4000-0x403f] claimed by PIIX4 ACPI
[    5.623530] pci 0000:00:07.0: quirk: [io  0x4100-0x410f] claimed by PIIX4 SMB
[    5.727941] ACPI: PCI Interrupt Link [LNKA] (IRQs 5 9 10 *11)
[    5.786501] ACPI: PCI Interrupt Link [LNKB] (IRQs 5 9 *10 11)
[    5.852982] ACPI: PCI Interrupt Link [LNKC] (IRQs 5 *9 10 11)
[    5.986804] ACPI: PCI Interrupt Link [LNKD] (IRQs 5 9 10 *11)
[    6.023117] ACPI: Enabled 2 GPEs in block 00 to 07
[    6.032408] vgaarb: setting as boot device: PCI:0000:00:02.0
[    6.043211] vgaarb: device added: PCI:0000:00:02.0,decodes=io+mem,owns=io+mem,locks=none
[    6.046036] vgaarb: loaded
[    6.048933] vgaarb: bridge control possible 0000:00:02.0
[    6.054658] SCSI subsystem initialized
[    6.056130] ACPI: bus type USB registered
[    6.075018] usbcore: registered new interface driver usbfs
[    6.076152] usbcore: registered new interface driver hub
[    6.078452] usbcore: registered new device driver usb
[    6.079704] PCI: Using ACPI for IRQ routing
[    6.092293] NetLabel: Initializing
[    6.094327] NetLabel:  domain hash size = 128
[    6.096537] NetLabel:  protocols = UNLABELED CIPSOv4
[    6.100667] NetLabel:  unlabeled traffic allowed by default
[    6.157035] amd_nb: Cannot enumerate AMD northbridges
[    6.228143] clocksource: Switched to clocksource kvm-clock
[    6.336233] AppArmor: AppArmor Filesystem Enabled
[    6.420518] pnp: PnP ACPI init
[    6.460187] pnp: PnP ACPI: fonnd 3 devices
[    6.551305] clocksource: acpi_pm: mask: 0xffffff max_cycles: 0xffffff, max_idle_ns: 2085701024 ns
[    6.620839] NET: Registered protocol family 2
[    6.681926] TCP established hash table entries: 8192 (order: 4, 65536 bytes)
[    6.782837] TCP bind hash table entries: 8192 (order: 5, 131072 bytes)
[    6.930697] TCP: Hash tables configured (established 8192 bind 8192)
[    7.032204] UDP hash table entries: 512 (order: 2, 16384 bytes)
[    7.155559] UDP-Lite hash table entries: 512 (order: 2, 16384 bytes)
[    7.167063] NET: Registered protocol family 1
[    7.177748] pci 0000:00:00.0: Limiting direct PCI/PCI transfers
[    7.180350] pci 0000:00:01.0: Activating ISA DMA hang workarounds
[    7.184101] Unpacking initramfs...
[    7.421927] Freeing initrd memory: 14792K
[    7.482903] platform rtc_cmos: registered platform RTC device (no PNP device found)
[    7.555678] Scanning for low memory corruption every 60 seconds
[    7.637939] audit: initializing netlink subsys (disabled)
[    7.682665] audit: type=2000 audit(1563710812.443:1): initialized
[    7.850948] Initialise system trusted keyring
[    7.940621] HugeTLB registered 2 MB page size, pre-allocated 0 pages
[    8.015921] zbud: loaded
[    8.057931] VFS: Disk quotas dquot_6.6.0
[    8.151328] VFS: Dquot-cache hash table entries: 512 (order 0, 4096 bytes)
[    8.282758] squashfs: version 4.0 (2009/01/31) Phillip Lougher
[    8.292552] fuse init (API version 7.23)
[    8.294651] Key type big_key registered
[    8.295554] Allocating IMA MOK and blacklist keyrings.
[    8.297894] Key type asymmetric registered
[    8.298779] Asymmetric key parser 'x509' registered
[    8.299929] Block layer SCSI generic (bsg) driver version 0.4 loaded (major 249)
[    8.303028] io scheduler noop registered
[    8.305863] io scheduler deadline registered (default)
[    8.309639] io scheduler cfq registered
[    8.311709] pci_hotplug: PCI Hot Plug PCI Core version: 0.5
[    8.312854] pciehp: PCI Express Hot Plug Controller Driver version: 0.4
[    8.316865] ACPI: AC Adapter [AC] (off-line)
[    8.329122] input: Power Button as /devices/LNXSYSTM:00/LNXPWRBN:00/input/input0
[    8.333182] ACPI: Power Button [PWRF]
[    8.334117] input: Sleep Button as /devices/LNXSYSTM:00/LNXSLPBN:00/input/input1
[    8.339576] ACPI: Sleep Button [SLPF]
[    8.341428] ACPI: Battery Slot [BAT0] (battery present)
[    8.345439] GHES: HEST is not enabled!
[    8.350215] Serial: 8250/16550 driver, 32 ports, IRQ sharing enabled
[    8.379554] 00:02: ttyS0 at I/O 0x3f8 (irq = 4, base_baud = 115200) is a 16550A
[    8.488342] tsc: Refined TSC clocksource calibration: 2195.385 MHz
[    8.557095] clocksource: tsc: mask: 0xffffffffffffffff max_cycles: 0x1fa52b367b5, max_idle_ns: 440795223145 ns
[    8.670448] Linux agpgart interface v0.103
[    8.751776] loop: module loaded
[    8.831650] scsi host0: ata_piix
[    8.886820] scsi host1: ata_piix
[    8.960246] ata1: PATA max UDMA/33 cmd 0x1f0 ctl 0x3f6 bmdma 0xd000 irq 14
[    9.152198] ata2: PATA max UDMA/33 cmd 0x170 ctl 0x376 bmdma 0xd008 irq 15
[    9.209317] libphy: Fixed MDIO Bus: probed
[    9.300750] tun: Universal TUN/TAP device driver, 1.6
[    9.409530] tun: (C) 1999-2004 Max Krasnyansky <maxk@qualcomm.com>
[    9.413350] PPP generic driver version 2.4.2
[    9.415604] ehci_hcd: USB 2.0 'Enhanced' Host Controller (EHCI) Driver
[    9.418131] ehci-pci: EHCI PCI platform driver
[    9.419120] ehci-platform: EHCI generic platform driver
[    9.420290] ohci_hcd: USB 1.1 'Open' Host Controller (OHCI) Driver
[    9.421486] ohci-pci: OHCI PCI platform driver
[    9.427116] ohci-platform: OHCI generic platform driver
[    9.429673] uhci_hcd: USB Universal Host Controller Interface driver
[    9.431982] i8042: PNP: PS/2 Controller [PNP0303:PS2K,PNP0f03:PS2M] at 0x60,0x64 irq 1,12
[    9.436776] serio: i8042 KBD port at 0x60,0x64 irq 1
[    9.440633] serio: i8042 AUX port at 0x60,0x64 irq 12
[    9.441833] mousedev: PS/2 mouse device common for all mice
[    9.444251] input: AT Translated Set 2 keyboard as /devices/platform/i8042/serio0/input/input2
[    9.447637] rtc_cmos rtc_cmos: rtc core: registered rtc_cmos as rtc0
[    9.453244] rtc_cmos rtc_cmos: alarms up to one day, 114 bytes nvram
[    9.455612] i2c /dev entries driver
[    9.456672] device-mapper: uevent: version 1.0.3
[    9.457765] device-mapper: ioctl: 4.34.0-ioctl (2015-10-28) initialised: dm-devel@redhat.com
[    9.463201] ledtrig-cpu: registered to indicate activity on CPUs
[    9.465982] NET: Registered protocol family 10
[    9.467183] NET: Registered protocol family 17
[    9.468240] Key type dns_resolver registered
[    9.469500] registered taskstats version 1
[    9.471926] Loading compiled-in X.509 certificates
[    9.473560] Loaded X.509 cert 'Build time autogenerated kernel key: 4eb3d024ac16f76c1747ffd474694c84db21038b'
[    9.478143] zswap: loaded using pool lzo/zbud
[    9.480422] Key type trusted registered
[    9.485087] Key type encrypted registered
[    9.487653] AppArmor: AppArmor sha1 policy hashing enabled
[    9.488827] ima: No TPM chip found, activating TPM-bypass!
[    9.499855] ima: Allocated hash algorithm: sha1
[    9.552816] evm: HMAC attrs: 0x1
[    9.595411]   Magic number: 11:919:127
[    9.665566] acpi device:02: hash matches
[    9.680537] rtc_cmos rtc_cmos: setting system clock to 2019-07-21 12:06:54 UTC (1563710814)
[    9.682509] BIOS EDD facility v0.16 2004-Jun-25, 0 devices found
[    9.730277] EDD information not available.
[    9.763991] Freeing unused kernel memory: 1516K
[    9.820713] Write protecting the kernel read-only data: 14336k
[    9.886241] Freeing unused kernel memory: 1672K
[    9.958461] Freeing unused kernel memory: 92K
Loading, please [    9.972719] random: udevadm: uninitialized urandom read (16 bytes read, 3 bits of entropy available)
wait...
startin[   10.024068] random: systemd-udevd: uninitialized urandom read (16 bytes read, 3 bits of entropy available)
g version 229
[   10.114003] random: udevadm: uninitialized urandom read (16 bytes read, 3 bits of entropy available)
[   10.291387] random: systemd-udevd: uninitialized urandom read (16 bytes read, 3 bits of entropy available)
[   10.477280] random: udevadm: uninitialized urandom read (16 bytes read, 3 bits of entropy available)
[   10.542971] random: systemd-udevd: uninitialized urandom read (16 bytes read, 3 bits of entropy available)
[   10.555881] random: systemd-udevd: uninitialized urandom read (16 bytes read, 3 bits of entropy available)
[   10.569769] random: systemd-udevd: uninitialized urandom read (16 bytes read, 3 bits of entropy available)
[   10.584316] random: udevadm: uninitialized urandom read (16 bytes read, 3 bits of entropy available)
[   10.588618] random: udevadm: uninitialized urandom read (16 bytes read, 3 bits of entropy available)
[   10.646453] e1000: Intel(R) PRO/1000 Network Driver - version 7.3.21-k8-NAPI
[   10.770402] e1000: Copyright (c) 1999-2006 Intel Corporation.
[   10.855216] Fusion MPT base driver 3.04.20
[   10.921033] Copyright (c) 1999-2008 LSI Corporation
[   11.038272] AVX2 version of gcm_enc/dec engaged.
[   11.157506] AES CTR mode by8 optimization enabled
[   11.281582] Fusion MPT SPI Host driver 3.04.20
[   11.461992] input: ImExPS/2 Generic Explorer Mouse as /devices/platform/i8042/serio1/input/input4
[   11.838255] e1000 0000:00:03.0 eth0: (PCI:33MHz:32-bit) 02:93:23:4d:82:b3
[   11.952588] e1000 0000:00:03.0 eth0: Intel(R) PRO/1000 Network Connection
[   12.018851] mptbase: ioc0: Initiating bringup
[   12.156936] ioc0: LSI53C1030 A0: Capabilities={Initiator}
[   12.411515] scsi host2: ioc0: LSI53C1030 A0, FwRev=00000000h, Ports=1, MaxQ=256, IRQ=20
[   12.666389] scsi 2:0:0:0: Direct-Access     VBOX     HARDDISK         1.0  PQ: 0 ANSI: 5
[   12.708820] scsi target2:0:0: Beginning Domain Validation
[   12.782828] scsi target2:0:0: Domain Validation skipping write tests
[   12.811926] scsi target2:0:0: Ending Domain Validation
[   12.851210] scsi target2:0:0: asynchronous
[   12.865462] scsi 2:0:1:0: Direct-Access     VBOX     HARDDISK         1.0  PQ: 0 ANSI: 5
[   12.873218] scsi target2:0:1: Beginning Domain Validation
[   12.926557] scsi target2:0:1: Domain Validation skipping write tests
[   12.946413] scsi target2:0:1: Ending Domain Validation
[   12.997618] scsi target2:0:1: asynchronous
[   13.105428] sd 2:0:0:0: Attached scsi generic sg0 type 0
[   13.230873] sd 2:0:0:0: [sda] 20971520 512-byte logical blocks: (10.7 GB/10.0 GiB)
[   13.427793] e1000 0000:00:08.0 eth1: (PCI:33MHz:32-bit) 08:00:27:2b:8f:f0
[   13.540665] e1000 0000:00:08.0 eth1: Intel(R) PRO/1000 Network Connection
[   13.659115] sd 2:0:1:0: [sdb] 20480 512-byte logical blocks: (10.5 MB/10.0 MiB)
[   13.681971] sd 2:0:1:0: Attached scsi generic sg1 type 0
[   13.686720] sd 2:0:1:0: [sdb] Write Protect is off
[   13.727435] sd 2:0:0:0: [sda] Write Protect is off
[   13.861631] e1000 0000:00:08.0 enp0s8: renamed from eth1
[   13.925777] sd 2:0:1:0: [sdb] Incomplete mode parameter data
[   13.936625] sd 2:0:1:0: [sdb] Assuming drive cache: write through
[   13.939711] e1000 0000:00:03.0 enp0s3: renamed from eth0
[   13.943929] sd 2:0:0:0: [sda] Incomplete mode parameter data
[   13.948290] sd 2:0:0:0: [sda] Assuming drive cache: write through
[   13.952367] sd 2:0:1:0: [sdb] Attached SCSI disk
[   13.954793]  sda: sda1
[   13.956055] sd 2:0:0:0: [sda] Attached SCSI disk
Begin: Loading e[   15.281061] md: linear personality registered for level -1
ssential drivers[   15.391019] md: multipath personality registered for level -4
 ... [   15.553789] md: raid0 personality registered for level 0
[   15.613377] md: raid1 personality registered for level 1
[   15.810747] raid6: sse2x1   gen()  9202 MB/s
[   15.957208] raid6: sse2x1   xor()  7625 MB/s
[   16.130201] raid6: sse2x2   gen() 12996 MB/s
[   16.264203] raid6: sse2x2   xor()  7954 MB/s
[   16.352832] raid6: sse2x4   gen() 15037 MB/s
[   16.508191] raid6: sse2x4   xor()  9835 MB/s
[   16.616983] raid6: avx2x1   gen() 18757 MB/s
[   16.748843] raid6: avx2x2   gen() 22823 MB/s
[   16.899548] raid6: avx2x4   gen() 28403 MB/s
[   17.000240] raid6: using algorithm avx2x4 gen() 28403 MB/s
[   17.070950] raid6: using avx2x2 recovery algorithm
[   17.153648] xor: automatically using best checksumming function:
[   17.360274]    avx       : 25951.000 MB/sec
[   17.363404] async_tx: api initialized (async)
[   17.378948] md: raid6 personality registered for level 6
[   17.389678] md: raid5 personality registered for level 5
[   17.393588] md: raid4 personality registered for level 4
[   17.400051] md: raid10 personality registered for level 10
done.
Begin: Running /scripts/init-premount ... done.
Begin: Mounti[   17.555005] Btrfs loaded
ng root file system ... Begin: Running /scripts/[   17.600137] EXT4-fs (sda1): mounted filesystem with ordered data mode. Opts: (null)
local-top ... done.
Begin: Running /scripts/local-premount ... Scanning for Btrfs filesystems
done.
Warning: fsck not present, so skipping root file system
done.
Begin: Running /scripts/local-bottom ... done.
Begin: Running /scripts/init-bottom ... done.
[   17.780498] systemd[1]: systemd 229 running in system mode. (+PAM +AUDIT +SELINUX +IMA +APPARMOR +SMACK +SYSVINIT +UTMP +LIBCRYPTSETUP +GCRYPT +GNUTLS +ACL +XZ -LZ4 +SECCOMP +BLKID +ELFUTILS +KMOD -IDN)
[   17.783559] systemd[1]: Detected virtualization oracle.
[   17.850553] systemd[1]: Detected architecture x86-64.

Welcome to [1mUbuntu 16.04.5 LTS[0m!

[   18.040955] systemd[1]: Set hostname to <ubuntu>.
[   18.096123] systemd[1]: Initializing machine ID from random generator.
[   18.097714] systemd[1]: Installed transient /etc/machine-id file.
[   18.182583] systemd[1]: Set up automount Arbitrary Executable File Formats File System Automount Point.
[[0;32m  OK  [0m] Set up automount Arbitrary Executab...ats File System Automount Point.
[   18.185902] systemd[1]: Listening on udev Control Socket.
[[0;32m  OK  [0m] Listening on udev Control Socket.
[   18.236764] systemd[1]: Listening on Journal Audit Socket.
[[0;32m  OK  [0m] Listening on Journal Audit Socket.
[   18.365114] systemd[1]: Listening on LVM2 metadata daemon socket.
[[0;32m  OK  [0m] Listening on LVM2 metadata daemon socket.
[   18.463714] systemd[1]: Started Forward Password Requests to Wall Directory Watch.
[[0;32m  OK  [0m] Started Forward Password Requests to Wall Directory Watch.
[   18.480393] systemd[1]: Listening on Device-mapper event daemon FIFOs.
[[0;32m  OK  [0m] Listening on Device-mapper event daemon FIFOs.
[   18.500426] systemd[1]: Reached target System Time Synchronized.
[[0;32m  OK  [0m] Reached target System Time Synchronized.
[   18.507739] systemd[1]: Listening on Journal Socket.
[[0;32m  OK  [0m] Listening on Journal Socket.
[   18.512305] systemd[1]: Created slice System Slice.
[[0;32m  OK  [0m] Created slice System Slice.
[   18.517025] systemd[1]: Created slice system-serial\x2dgetty.slice.
[[0;32m  OK  [0m] Created slice system-serial\x2dgetty.slice.
[   18.520555] systemd[1]: Starting Uncomplicated firewall...
         Starting Uncomplicated firewall...
[   18.522653] systemd[1]: Started Trigger resolvconf update for networkd DNS.
[[0;32m  OK  [0m] Started Trigger resolvconf update for networkd DNS.
[   18.597111] systemd[1]: Reached target Encrypted Volumes.
[[0;32m  OK  [0m] Reached target Encrypted Volumes.
[   18.678662] systemd[1]: Starting Load Kernel Modules...
         [   18.706024] Loading iSCSI transport class v2.0-870.
Starting Load Ke[   18.794550] iscsi: registered transport (tcp)
rnel Modules...
[   18.833925] systemd[1]: Mounting Huge Pages File System...
         Mounting Huge Pa[   18.853816] iscsi: registered transport (iser)
ges File System...
[   18.909073] systemd[1]: Listening on udev Kernel Socket.
[[0;32m  OK  [0m] Listening on udev Kernel Socket.
[   19.057012] systemd[1]: Listening on Journal Socket (/dev/log).
[[0;32m  OK  [0m] Listening on Journal Socket (/dev/log).
[   19.193948] systemd[1]: Starting Set console keymap...
         Starting Set console keymap...
[   19.296293] systemd[1]: Reached target User and Group Name Lookups.
[[0;32m  OK  [0m] Reached target User and Group Name Lookups.
[   19.478130] systemd[1]: Starting Remount Root and Kernel File Systems...
[   19.567975] random: nonblocking pool is initialized
         [   19.571633] EXT4-fs (sda1): re-mounted. Opts: (null)
Starting Remount Root and Kernel File Systems...
[   19.574767] systemd[1]: Created slice User and Session Slice.
[[0;32m  OK  [0m] Created slice User and Session Slice.
[   19.581621] systemd[1]: Reached target Slices.
[[0;32m  OK  [0m] Reached target Slices.
[   19.589420] systemd[1]: Mounting POSIX Message Queue File System...
         Mounting POSIX Message Queue File System...
[   19.605042] systemd[1]: Mounting Debug File System...
         Mounting Debug File System...
[   19.607928] systemd[1]: Starting Monitoring of LVM2 mirrors, snapshots etc. using dmeventd or progress polling...
         Starting Monitoring of LVM2 mirrors... dmeventd or progress polling...
[   19.618773] systemd[1]: Starting Nameserver information manager...
         Starting Nameserver information manager...
[   19.626733] systemd[1]: Listening on Syslog Socket.
[[0;32m  OK  [0m] Listening on Syslog Socket.
[   19.631609] systemd[1]: Starting Journal Service...
         Starting Journal Service...
[   19.636080] systemd[1]: Listening on /dev/initctl Compatibility Named Pipe.
[[0;32m  OK  [0m] Listening on /dev/initctl Compatibility Named Pipe.
[   19.648843] systemd[1]: Listening on LVM2 poll daemon socket.
[[0;32m  OK  [0m] Listening on LVM2 poll daemon socket.
[   19.677734] systemd[1]: Starting Create list of required static device nodes for the current kernel...
         Starting Create list of required st... nodes for the current kernel...
[   19.772749] systemd[1]: Reached target Swap.
[[0;32m  OK  [0m] Reached target Swap.
[   19.871038] systemd[1]: Mounted POSIX Message Queue File System.
[[0;32m  OK  [0m] Mounted POSIX Message Queue File System.
[   20.033515] systemd[1]: Mounted Debug File System.
[[0;32m  OK  [0m] Mounted Debug File System.
[   20.129519] systemd[1]: Mounted Huge Pages File System.
[[0;32m  OK  [0m] Mounted Huge Pages File System.
[   20.289343] systemd[1]: Started Journal Service.
[[0;32m  OK  [0m] Started Journal Service.
[[0;32m  OK  [0m] Started Uncomplicated firewall.
[[0;32m  OK  [0m] Started Load Kernel Modules.
[[0;32m  OK  [0m] Started Set console keymap.
[[0;32m  OK  [0m] Started Remount Root and Kernel File Systems.
[[0;32m  OK  [0m] Started Create list of required sta...ce nodes for the current kernel.
[[0;32m  OK  [0m] Started Nameserver information manager.
[[0;32m  OK  [0m] Started LVM2 metadata daemon.
         Starting Create Static Device Nodes in /dev...
         Starting Load/Save Random Seed...
         Starting udev Coldplug all Devices...
         Mounting FUSE Control File System...
         Starting Apply Kernel Variables...
         Starting Flush Journal to Persistent Storage...
[[0;32m  OK  [0m] Mounted FUSE Control File System.
[[0;32m  OK  [0m] Started Create Static Device Nodes in /dev.
[[0;32m  OK  [0m] Started Load/Save Random Seed.
[[0;32m  OK  [0m] Started Apply Kernel Variables.
[[0;32m  OK  [0m] Started udev Coldplug all Devices.
[[0;32m  OK  [0m] Started Flush Journal to Persistent Storage.
         Starting udev Kernel Device Manager...
[[0;32m  OK  [0m] Started udev Kernel Device Manager.
[[0;32m  OK  [0m] Started Dispatch Password Requests to Console Directory Watch.
[[0;32m  OK  [0m] Found device /dev/ttyS0.
[[0;32m  OK  [0m] Listening on Load/Save RF Kill Switch Status /dev/rfkill Watch.
[[0;32m  OK  [0m] Started Monitoring of LVM2 mirrors,...ng dmeventd or progress polling.
[[0;32m  OK  [0m] Reached target Local File Systems (Pre).
[[0;32m  OK  [0m] Reached target Local File Systems.
         Starting Create Volatile Files and Directories...
         Starting Initial cloud-init job (pre-networking)...
         Starting Commit a transient machine-id on disk...
         Starting LSB: AppArmor initialization...
         Starting Tell Plymouth To Write Out Runtime Data...
         Starting Set console font and keymap...
[[0;32m  OK  [0m] Started Create Volatile Files and Directories.
[[0;32m  OK  [0m] Started Commit a transient machine-id on disk.
[[0;32m  OK  [0m] Started Tell Plymouth To Write Out Runtime Data.
         Starting Update UTMP about System Boot/Shutdown...
[[0;32m  OK  [0m] Started Update UTMP about System Boot/Shutdown.
[   17.606689] cloud-init[612]: Cloud-init v. 18.3-9-g2e62cb8a-0ubuntu1~16.04.2 running 'init-local' at Sun, 21 Jul 2019 12:07:07 +0000. Up 17.06 seconds.
[[0;32m  OK  [0m] Started Initial cloud-init job (pre-networking).
[[0;32m  OK  [0m] Started Set console font and keymap.
[[0;32m  OK  [0m] Started LSB: AppArmor initialization.
[[0;32m  OK  [0m] Created slice system-getty.slice.
[[0;32m  OK  [0m] Reached target Network (Pre).
         Starting Raise network interfaces...
[[0;32m  OK  [0m] Started Raise network interfaces.
         Starting Initial cloud-init job (metadata service crawler)...
[[0;32m  OK  [0m] Reached target Network.
[   19.459141] cloud-init[949]: Cloud-init v. 18.3-9-g2e62cb8a-0ubuntu1~16.04.2 running 'init' at Sun, 21 Jul 2019 12:07:09 +0000. Up 18.58 seconds.
[   19.526234] cloud-init[949]: ci-info: ++++++++++++++++++++++++++++++++++++++Net device info+++++++++++++++++++++++++++++++++++++++
[[0;32m  OK  [0m] Started Initial cloud-init job (metadata service crawler).
[   19.537485] cloud-init[949]: ci-info: +--------+-------+----------------------------+---------------+--------+-------------------+
[   19.549475] cloud-init[949]: ci-info: | Device |   Up  |          Address           |      Mask     | Scope  |     Hw-Address    |
[[0;32m  OK  [0m] Reached target System Initialization.
[   19.556330] [[0;32m  OK  [0m] Started Daily apt download activities.
[[0;32m  OK  [0m] Listening on D-Bus System Message Bus Socket.
[[0;32m  OK  [0m] Started Daily apt upgrade and clean activities.
[[0;32m  OK  [0m] Started Daily Cleanup of Temporary Directories.
cloud-init[949]: ci-info: +--------+-------+----------------------------+---------------+--------+-------------------+
[   19.573548] cloud-init[949]: ci-info: | enp0s3 |  True |         10.0.2.15          | 255.255.255.0 | global | 02:93:23:4d:82:b3 |
[[0;32m  OK  [0m[   19.584290] cloud-init[949]: ci-info: | enp0s3 |  True | fe80::93:23ff:fe4d:82b3/64 |       .       |  link  | 02:93:23:4d:82:b3 |
[   19.584331] cloud-init[949]: ci-info: | enp0s8 | False |             .              |       .       |   .    | 08:00:27:2b:8f:f0 |
[   19.584363] cloud-init[949]: ci-info: |   lo   |  True |         127.0.0.1          |   255.0.0.0   |  host  |         .         |
[   19.584393] cloud-init[949]: ci-info: |   lo   |  True |          ::1/128           |       .       |  host  |         .         |
[   19.584423] cloud-init[949]: ci-info: +--------+-------+----------------------------+---------------+--------+-------------------+
[   19.584460] cloud-init[949]: ci-info: +++++++++++++++++++++++++++Route IPv4 info++++++++++++++++++++++++++++
[   19.584491] cloud-init[949]: ci-info: +-------+-------------+----------+---------------+-----------+-------+
[   19.584521] cloud-init[949]: ci-info: | Route | Destination | Gateway  |    Genmask    | Interface | Flags |
[   19.584552] cloud-init[949]: ci-info: +-------+-------------+----------+---------------+-----------+-------+
[   19.584581] cloud-init[949]: ci-info: |   0   |   0.0.0.0   | 10.0.2.2 |    0.0.0.0    |   enp0s3  |   UG  |
[   19.584610] cloud-init[949]: ci-info: |   1   |   10.0.2.0  | 0.0.0.0  | 255.255.255.0 |   enp0s3  |   U   |
[   19.584639] cloud-init[949]: ci-info: +-------+-------------+----------+---------------+-----------+-------+
[   19.584668] cloud-init[949]: ci-info: +++++++++++++++++++Route IPv6 info+++++++++++++++++++
[   19.584697] cloud-init[949]: ci-info: +-------+-------------+---------+-----------+-------+
[   19.584729] cloud-init[949]: ci-info: | Route | Destination | Gateway | Interface | Flags |
[   19.584757] cloud-init[949]: ci-info: +-------+-------------+---------+-----------+-------+
[   19.584784] cloud-init[949]: ci-info: |   0   |  fe80::/64  |    ::   |   enp0s3  |   U   |
[   19.584834] cloud-init[949]: ci-info: |   3   |   ff00::/8  |    ::   |   enp0s3  |   U   |
[   19.584864] cloud-init[949]: ci-info: +-------+-------------+---------+-----------+-------+
[   19.584892] cloud-init[949]: Generating public/private rsa key pair.
[   19.584921] cloud-init[949]: Your identification has been saved in /etc/ssh/ssh_host_rsa_key.
[   19.584949] cloud-init[949]: Your public key has been saved in /etc/ssh/ssh_host_rsa_key.pub.
[   19.584977] cloud-init[949]: The key fingerprint is:
[   19.585005] cloud-init[949]: SHA256:j3DJQpBGo/ZVtax0Biekz4r7gVVBzXfE79iq3n5c7Jw root@ubuntu-xenial
[   19.585034] cloud-init[949]: The key's randomart image is:
[   19.585063] cloud-init[949]: +---[RSA 2048]----+
[   19.585093] cloud-init[949]: |   .+. oB+o  o.  |
[   19.585122] cloud-init[949]: |   .oo o *o.. o  |
[   19.585150] cloud-init[949]: |  o.  + o =. . . |
[   19.585178] cloud-init[949]: | . . o * =      .|
[   19.585206] cloud-init[949]: |    . + S      = |
[   19.585234] cloud-init[949]: |     + = o    . =|
[   19.585262] cloud-init[949]: |    o o . .    =o|
[   19.585291] cloud-init[949]: |     . .     ..E=|
[   19.585319] cloud-init[949]: |    ...    .ooo. |
[   19.585350] cloud-init[949]: +----[SHA256]-----+
[   19.585378] cloud-init[949]: Generating public/private dsa key pair.
[   19.585405] cloud-init[949]: Your identification has been saved in /etc/ssh/ssh_host_dsa_key.
[   19.585434] cloud-init[949]: Your public key has been saved in /etc/ssh/ssh_host_dsa_key.pub.
[   19.585462] cloud-init[949]: The key fingerprint is:
[   19.585489] cloud-init[949]: SHA256:LK5PW+Ab6+YdsQuIxACYdNn+VUjp1DTnuvGTfdjYTt0 root@ubuntu-xenial
[   19.585519] cloud-init[949]: The key's randomart image is:
[   19.585548] cloud-init[949]: +---[DSA 1024]----+
[   19.585576] cloud-init[949]: |+o .o   ..=o .   |
[   19.585605] cloud-init[949]: |+ .. .   + o+    |
[   19.585632] cloud-init[949]: |.   .   o .  .   |
[   19.585660] cloud-init[949]: | o   . . o  .    |
[   19.585687] cloud-init[949]: |  o   + S  o     |
[   19.585715] cloud-init[949]: | . . + + o  + o=o|
[   19.585744] cloud-init] Started ACPI Events Check.
[[0;32m  OK  [0m] Reached target Paths.
[[0;32m  OK  [0m] Listening on UUID daemon activation socket.
[[0;32m  OK  [0m] Listening on ACPID Listen Socket.
[[0;32m  OK  [0m] Reached target Timers.
[949]: |  . . * +  . +o.E|
[   20.725052] cloud-init[949]: |     o.O o    .o.|
         Starting LXD - unix socket.
         Starting Socket activation for snappy daemon.
[[0;32m  OK  [0m] Reached target Network is Online.
[   20.727529] cloud-init[949]: |    .=B o       .|
         Starting iSCSI initiator daemon (iscsid)...[   20.832413] cloud-init[949]: +----[SHA256]-----+
[   20.832455] cloud-init[949]: Generating public/private ecdsa key pair.
[   20.832485] cloud-init[949]: Your identification has been saved in /etc/ssh/ssh_host_ecdsa_key.
[   20.832513] cloud-init[949]: Your public key has been saved in /etc/ssh/ssh_host_ecdsa_key.pub.
[   20.832541] cloud-init[949]: The key fingerprint is:
[   20.832569] cloud-init[949]: SHA256:KYXzyELA4T81y/mj14rGXteFGO01EFcZIInhb1SWB8s root@ubuntu-xenial
[   20.832598] cloud-init[949]: The key's randomart image is:
[   20.832625] cloud-init[949]: +---[ECDSA 256]---+
[   20.832653] cloud-init[949]: | .o.     .o.+*=o+|
[   20.832680] cloud-init[949]: | ...   ... o=+.o |
[   20.832707] cloud-init[949]: |  . . = .....E+  |
[   20.832734] cloud-init[949]: |   o + O .o+ o . |
[   20.832764] cloud-init[949]: |    + B S .oo .  |
[   20.832791] cloud-init[949]: |     o o  .. .   |
[   20.832819] cloud-init[949]: |     .  +.. .    |
[   20.832846] cloud-init[949]: |      o+.o.      |
[   20.832873] cloud-init[949]: |     o+...       |
[   20.832900] cloud-init[949]: +----[SHA256]-----+
[   20.832927] cloud-init[949]: Generating public/private ed25519 key pair.
[   20.832954] cloud-init[949]: Your identification has been saved in /etc/ssh/ssh_host_ed25519_key.
[   20.832981] cloud-init[949]: Your public key has been saved in /etc/ssh/ssh_host_ed25519_key.pub.
[   20.833007] cloud-init[949]: The key fingerprint is:
[   20.833034] cloud-init[949]: SHA256:G3Fe+3LXMd6jnXbYoYgj/amKoz9ltgLM/dcaEao40Jw root@ubuntu-xenial
[   20.833063] cloud-init[949]: The key's randomart image is:
[   20.833093] cloud-init[949]: +--[ED25519 256]--+
[   20.833121] cloud-init[949]: |                 |
[   20.833149] cloud-init[949]: |                 |
[   20.833355] cloud-init[949]: |        ... .    |
[   20.833390] cloud-init[949]: |  o .   .+.. .   |
[   20.833418] cloud-init[949]: | .oE.  .S.. .  o |
[   20.833447] cloud-init[949]: |  .+...+ o.  ...=|
[   20.833476] cloud-init[949]: |   o..= +.o o +==|
[   20.833504] cloud-init[949]: |    .+.+ =.o.++o=|
[   20.833531] cloud-init[949]: |   .oo+.+o=o ..o.|
[   20.833561] cloud-init[949]: +----[SHA256]-----+

[[0;32m  OK  [0m] Reached target Cloud-config availability.
[[0;32m  OK  [0m] Listening on LXD - unix socket.
[[0;32m  OK  [0m] Listening on Socket activation for snappy daemon.
[[0;32m  OK  [0m] Started iSCSI initiator daemon (iscsid).
         Starting Login to default iSCSI targets...
[[0;32m  OK  [0m] Reached target Sockets.
[[0;32m  OK  [0m] Reached target Basic System.
         Starting /etc/rc.local Compatibility...
[[0;32m  OK  [0m] Started FUSE filesystem for LXC.
[[0;32m  OK  [0m] Started Regular background program processing daemon.
         Starting Accounts Service...
[[0;32m  OK  [0m] Started Deferred execution scheduler.
[[0;32m  OK  [0m] Started Unattended Upgrades Shutdown.
         Starting Login Service...
         Starting Pollinate to seed the pseudo random number generator...
         Starting System Logging Service...
         Starting LSB: Record successful boot for GRUB...
         Starting LSB: MD monitoring daemon...
         Starting Snappy daemon...
[[0;32m  OK  [0m] Started D-Bus System Message Bus.
         Starting Virtualbox guest utils...
[[0;32m  OK  [0m] Started ACPI event daemon.
         Starting LXD - container startup/shutdown...
[[0;32m  OK  [0m] Started System Logging Service.
[[0;32m  OK  [0m] Started /etc/rc.local Compatibility.
[[0;32m  OK  [0m] Started Login to default iSCSI targets.
[[0;32m  OK  [0m] Started LXD - container startup/shutdown.
[[0;32m  OK  [0m] Started Snappy daemon.
[[0;32m  OK  [0m] Started LSB: MD monitoring daemon.
[[0;32m  OK  [0m] Started LSB: Record successful boot for GRUB.
[[0;32m  OK  [0m] Started Login Service.
[[0;32m  OK  [0m] Started Virtualbox guest utils.
         Starting Authenticate and Authorize Users to Run Privileged Tasks...
         Starting Wait until snapd is fully seeded...
[[0;32m  OK  [0m] Reached target Remote File Systems (Pre).
[[0;32m  OK  [0m] Reached target Remote File Systems.
         Starting LSB: daemon to balance interrupts for SMP systems...
         Starting LSB: Set the CPU Frequency Scaling governor to "ondemand"...
         Starting LSB: automatic crash report generation...
         Starting Permit User Sessions...
[[0;32m  OK  [0m] Started Authenticate and Authorize Users to Run Privileged Tasks.
[[0;32m  OK  [0m] Started Permit User Sessions.
[[0;32m  OK  [0m] Started Accounts Service.
[[0;32m  OK  [0m] Started LSB: Set the CPU Frequency Scaling governor to "ondemand".
[[0;32m  OK  [0m] Started LSB: daemon to balance interrupts for SMP systems.
         Starting Terminate Plymouth Boot Screen...
         Starting Hold until boot process finishes up...
[[0;32m  OK  [0m] Started LSB: automatic crash report generation.
[[0;32m  OK  [0m] Started Terminate Plymouth Boot Screen.
[[0;32m  OK  [0m] Started Hold until boot process finishes up.
         Starting Set console scheme...
[[0;32m  OK  [0m] Started Serial Getty on ttyS0.
[[0;32m  OK  [0m] Started Getty on tty1.
[[0;32m  OK  [0m] Reached target Login Prompts.
[[0;32m  OK  [0m] Started Set console scheme.
[[0;32m  OK  [0m] Started Pollinate to seed the pseudo random number generator.
         Starting OpenBSD Secure Shell server...
[[0;32m  OK  [0m] Started OpenBSD Secure Shell server.
[[0;32m  OK  [0m] Created slice User Slice of vagrant.
         Starting User Manager for UID 1000...
[[0;32m  OK  [0m] Started User Manager for UID 1000.
[[0;32m  OK  [0m] Started Session 1 of user vagrant.
         Stopping User Manager for UID 1000...
[[0;32m  OK  [0m] Stopped User Manager for UID 1000.
[[0;32m  OK  [0m] Removed slice User Slice of vagrant.
[[0;32m  OK  [0m] Created slice User Slice of vagrant.
         Starting User Manager for UID 1000...
[[0;32m  OK  [0m] Started Session 2 of user vagrant.
[[0;32m  OK  [0m] Started User Manager for UID 1000.
[[0;32m  OK  [0m] Started Wait until snapd is fully seeded.
         Starting Apply the settings specified in cloud-config...
[[0;32m  OK  [0m] Reached target Multi-User System.
[[0;32m  OK  [0m] Reached target Graphical Interface.
         Starting Update UTMP about System Runlevel Changes...
[[0;32m  OK  [0m] Started Update UTMP about System Runlevel Changes.
[   27.906458] cloud-init[1547]: Generating locales (this might take a while)...

Ubuntu 16.04.5 LTS ubuntu-xenial ttyS0

ubuntu-xenial login: [   28.797989] cloud-init[1547]:   en_US.UTF-8... done
[   28.799492] cloud-init[1547]: Generation complete.
[   29.031828] cloud-init[1547]: Cloud-init v. 18.3-9-g2e62cb8a-0ubuntu1~16.04.2 running 'modules:config' at Sun, 21 Jul 2019 12:07:18 +0000. Up 27.69 seconds.
ci-info: no authorized ssh keys fingerprints found for user ubuntu.
<14>Jul 21 12:07:19 ec2: 
<14>Jul 21 12:07:19 ec2: #############################################################
<14>Jul 21 12:07:19 ec2: -----BEGIN SSH HOST KEY FINGERPRINTS-----
<14>Jul 21 12:07:19 ec2: 1024 SHA256:LK5PW+Ab6+YdsQuIxACYdNn+VUjp1DTnuvGTfdjYTt0 root@ubuntu-xenial (DSA)
<14>Jul 21 12:07:19 ec2: 256 SHA256:KYXzyELA4T81y/mj14rGXteFGO01EFcZIInhb1SWB8s root@ubuntu-xenial (ECDSA)
<14>Jul 21 12:07:19 ec2: 256 SHA256:G3Fe+3LXMd6jnXbYoYgj/amKoz9ltgLM/dcaEao40Jw root@ubuntu-xenial (ED25519)
<14>Jul 21 12:07:19 ec2: 2048 SHA256:j3DJQpBGo/ZVtax0Biekz4r7gVVBzXfE79iq3n5c7Jw root@ubuntu-xenial (RSA)
<14>Jul 21 12:07:19 ec2: -----END SSH HOST KEY FINGERPRINTS-----
<14>Jul 21 12:07:19 ec2: #############################################################
-----BEGIN SSH HOST KEY KEYS-----
ecdsa-sha2-nistp256 AAAAE2VjZHNhLXNoYTItbmlzdHAyNTYAAAAIbmlzdHAyNTYAAABBBGvNk55Vhr3BmksWwZIBEL1GYYqB1P/6xAVDeR9xu+mn9Q4uDS8YOAMCKa97Ka1sA3YaHCnctoAVfdVAyFrtZjQ= root@ubuntu-xenial
ssh-ed25519 AAAAC3NzaC1lZDI1NTE5AAAAIH5TQpCVZ17aOFQCHE+1ekvTVGUUO6oaYEdcoEjoqPN7 root@ubuntu-xenial
ssh-rsa AAAAB3NzaC1yc2EAAAADAQABAAABAQDXH2yBd1GCLb2xYXS/eQj3f9cVnBHTYjqiB7vmbYfUIAr7u0W2AoUBbxbEUa4frr+nPhL6rAK2Hr5lJz8h/+JVLHPFzLBjQxMugXHG9xwBIYylWE90RxTzLAaV93D0/Cj5QQ+VNOI11wl9RCouqTiTsAx3Fr4ggRSmjO1vRhYjk4KKfeNodGITsPCnJEqRZAyARiifCpyddQclt6/CAA6+Iuh/X+/oxHDbldqS1xB79FppgYa8NA2H5M1X6BnzVvjj8Ln8phmS5z/UcCd9lLn+LNkJUcDqklCn9uAlvUgwcAdtCqZFP+m631xRcDM21RrrGgDFneBm7gJwtCgcNQeX root@ubuntu-xenial
-----END SSH HOST KEY KEYS-----
[   29.427764] cloud-init[1709]: Cloud-init v. 18.3-9-g2e62cb8a-0ubuntu1~16.04.2 running 'modules:final' at Sun, 21 Jul 2019 12:07:19 +0000. Up 29.29 seconds.
[   29.427921] cloud-init[1709]: ci-info: no authorized ssh keys fingerprints found for user ubuntu.
[   29.428016] cloud-init[1709]: Cloud-init v. 18.3-9-g2e62cb8a-0ubuntu1~16.04.2 finished at Sun, 21 Jul 2019 12:07:19 +0000. Datasource DataSourceNoCloud [seed=/dev/sdb][dsmode=net].  Up 29.42 seconds
